<?xml version="1.0" encoding="UTF-8"?>
<!-- Generated by org.testng.reporters.JUnitReportReporter -->
<testsuite hostname="DESKTOP-P618426" failures="0" tests="1" name="TricentisApp.Truck" time="13.463" errors="0" timestamp="13 Juli 2019 11:23:35 GMT" skipped="0">
  <testcase classname="TricentisApp.Truck" name="TruckTest" time="13.463"/>
</testsuite> <!-- TricentisApp.Truck -->
