<?xml version="1.0" encoding="UTF-8"?>
<!-- Generated by org.testng.reporters.JUnitReportReporter -->
<testsuite hostname="DESKTOP-P618426" failures="0" tests="1" name="TricentisApp.automobil" time="8.635" errors="0" timestamp="13 Jul 2019 11:28:07 GMT">
  <testcase classname="TricentisApp.automobil" name="AutomobilSection" time="8.635"/>
</testsuite> <!-- TricentisApp.automobil -->
